(THU.CST) os is loading ...

Special kernel symbols:
  entry  0x00100000 (phys)
  etext  0x00103555 (phys)
  edata  0x0010ea16 (phys)
  end    0x0010fd80 (phys)
Kernel executable memory footprint: 64KB
ebp:0x00007b38 eip:0x00100a37 args:0x000100940x00007b680x000000000x00000000
    kern/debug/kdebug.c:306: print_stackframe+21
ebp:0x00007b48 eip:0x00100084 args:0x000000000x000000000x001002000x00007b88
    kern/init/init.c:48: grade_backtrace2+19
ebp:0x00007b68 eip:0x001000a6 args:0x000000000xffff00000x001036cc0x00007ba8
    kern/init/init.c:53: grade_backtrace1+27
ebp:0x00007b88 eip:0x001000c3 args:0x000000000x00007bb40x000000010x00007bc8
    kern/init/init.c:58: grade_backtrace0+19
ebp:0x00007ba8 eip:0x001000e4 args:0x000000000xffff00000x0010357c0x00007be8
    kern/init/init.c:63: grade_backtrace+26
ebp:0x00007bc8 eip:0x00100050 args:0x000000000x000000000x000100940x00007bf8
    kern/init/init.c:28: kern_init+79
ebp:0x00007be8 eip:0x00007d66 args:0x000000000x000000000xc031fcfa0x64e4d08e
    <unknow>: -- 0x00007d65 --
ebp:0x00007bf8 eip:0x00007c4a args:0xc031fcfa0x64e4d08e0x64e6d1b00xdfb0fa75
    <unknow>: -- 0x00007c49 --
ebp:0x00000000 eip:0xf000ff53 args:0xf000e2c30xf000ff530xf000ff530xf000fea5
    <unknow>: -- 0xf000ff52 --
ebp:0xf000ff53 eip:0x00000000 args:0x000000000x000000000x000000000x00000000
    <unknow>: -- 0xffffffff --
ebp:0x00000000 eip:0xf000ff53 args:0xf000e2c30xf000ff530xf000ff530xf000fea5
    <unknow>: -- 0xf000ff52 --
ebp:0xf000ff53 eip:0x00000000 args:0x000000000x000000000x000000000x00000000
    <unknow>: -- 0xffffffff --
ebp:0x00000000 eip:0xf000ff53 args:0xf000e2c30xf000ff530xf000ff530xf000fea5
    <unknow>: -- 0xf000ff52 --
ebp:0xf000ff53 eip:0x00000000 args:0x000000000x000000000x000000000x00000000
    <unknow>: -- 0xffffffff --
ebp:0x00000000 eip:0xf000ff53 args:0xf000e2c30xf000ff530xf000ff530xf000fea5
    <unknow>: -- 0xf000ff52 --
ebp:0xf000ff53 eip:0x00000000 args:0x000000000x000000000x000000000x00000000
    <unknow>: -- 0xffffffff --
ebp:0x00000000 eip:0xf000ff53 args:0xf000e2c30xf000ff530xf000ff530xf000fea5
    <unknow>: -- 0xf000ff52 --
ebp:0xf000ff53 eip:0x00000000 args:0x000000000x000000000x000000000x00000000
    <unknow>: -- 0xffffffff --
ebp:0x00000000 eip:0xf000ff53 args:0xf000e2c30xf000ff530xf000ff530xf000fea5
    <unknow>: -- 0xf000ff52 --
ebp:0xf000ff53 eip:0x00000000 args:0x000000000x000000000x000000000x00000000
    <unknow>: -- 0xffffffff --
++ setup timer interrupts
0: @ring 0
0:  cs = 8
0:  ds = 10
0:  es = 10
0:  ss = 10
+++ switch to  user  mode +++
1: @ring 0
1:  cs = 8
1:  ds = 10
1:  es = 10
1:  ss = 10
+++ switch to kernel mode +++
2: @ring 0
2:  cs = 8
2:  ds = 10
2:  es = 10
2:  ss = 10
100 ticks
End of Test.
kernel panic at kern/trap/trap.c:19:
    EOT: kernel seems ok.
Welcome to the kernel debug monitor!!
Type 'help' for a list of commands.
K> 